============================= test session starts =============================
platform win32 -- Python 3.12.3, pytest-9.1.1, pluggy-1.6.0 -- C:\Users\marsh\Documents\LecturePack\.venv\Scripts\python.exe
cachedir: .pytest_cache
PySide6 6.11.1 -- Qt runtime 6.11.1 -- Qt compiled 6.11.1
rootdir: C:\Users\marsh\Documents\LecturePack
configfile: pytest.ini
plugins: qt-4.5.0
collecting ... collected 106 items

tests/test_context_repair.py::test_deterministic_provider_proposes_only_approved_names PASSED [  0%]
tests/test_context_repair.py::test_provider_never_invents_unapproved_name PASSED [  1%]
tests/test_context_repair.py::test_corrections_reversible_and_raw_immutable PASSED [  2%]
tests/test_context_repair.py::test_dialog_flow[False] PASSED             [  3%]
tests/test_context_repair.py::test_dialog_add_remove_context_name PASSED [  4%]
tests/test_detection_eval.py::test_ground_truth_loads PASSED             [  5%]
tests/test_detection_eval.py::test_perfect_detection_scores_1 PASSED     [  6%]
tests/test_detection_eval.py::test_missed_major_is_false_negative PASSED [  7%]
tests/test_detection_eval.py::test_duplicate_capture_counts_as_false_positive PASSED [  8%]
tests/test_detection_eval.py::test_distractor_false_positive_is_attributed PASSED [  9%]
tests/test_detection_eval.py::test_timestamp_error_reported PASSED       [ 10%]
tests/test_detection_eval.py::test_candidate_explosion_flagged_by_targets PASSED [ 11%]
tests/test_detection_targets.py::test_balanced_meets_targets PASSED      [ 12%]
tests/test_detection_targets.py::test_detailed_meets_targets PASSED      [ 13%]
tests/test_detection_targets.py::test_no_fade_or_caption_false_positive PASSED [ 14%]
tests/test_exports.py::test_exports PASSED                               [ 15%]
tests/test_integration.py::test_integration PASSED                       [ 16%]
tests/test_job_persistence.py::test_job_persistence PASSED               [ 16%]
tests/test_ollama_and_repair.py::test_healthy_schema_constrained_chat PASSED [ 17%]
tests/test_ollama_and_repair.py::test_connection_refused_is_unavailable PASSED [ 18%]
tests/test_ollama_and_repair.py::test_request_timeout PASSED             [ 19%]
tests/test_ollama_and_repair.py::test_malformed_json_stream PASSED       [ 20%]
tests/test_ollama_and_repair.py::test_model_unload_mid_generation PASSED [ 21%]
tests/test_ollama_and_repair.py::test_http_error_is_bad_response PASSED  [ 22%]
tests/test_ollama_and_repair.py::test_user_cancellation_mid_stream PASSED [ 23%]
tests/test_ollama_and_repair.py::test_repeated_request_cache_hit PASSED  [ 24%]
tests/test_ollama_and_repair.py::test_engine_with_ollama_provider_validates_and_proposes PASSED [ 25%]
tests/test_ollama_and_repair.py::test_engine_survives_provider_failure_per_chunk PASSED [ 26%]
tests/test_ollama_and_repair.py::test_large_transcript_chunking PASSED   [ 27%]
tests/test_ollama_and_repair.py::test_cancellation_between_chunks PASSED [ 28%]
tests/test_ollama_and_repair.py::test_worker_reports_unavailable_not_crash PASSED [ 29%]
tests/test_ollama_and_repair.py::test_worker_completes_and_persists_cache PASSED [ 30%]
tests/test_ollama_and_repair.py::test_worker_detach_mid_request_is_safe PASSED [ 31%]
tests/test_ollama_and_repair.py::test_deterministic_fallback_without_ollama PASSED [ 32%]
tests/test_packaging_and_safety.py::test_bundled_binary_resolution_next_to_exe PASSED [ 33%]
tests/test_packaging_and_safety.py::test_autodetect_whisper_finds_sibling_model PASSED [ 33%]
tests/test_packaging_and_safety.py::test_export_and_reexport_never_delete_job_or_candidates PASSED [ 34%]
tests/test_packaging_and_safety.py::test_context_names_feed_whisper_prompt PASSED [ 35%]
tests/test_product_modes.py::test_transcript_only_mode PASSED            [ 36%]
tests/test_product_modes.py::test_slides_only_mode PASSED                [ 37%]
tests/test_product_modes.py::test_normalized_matches_service PASSED      [ 38%]
tests/test_scheduler_and_engines.py::test_transcribe_and_detect_run_concurrently PASSED [ 39%]
tests/test_scheduler_and_engines.py::test_parallel_disabled_runs_sequentially PASSED [ 40%]
tests/test_scheduler_and_engines.py::test_cancellation_stops_both_branches PASSED [ 41%]
tests/test_scheduler_and_engines.py::test_stage_cache_reused_when_settings_unchanged PASSED [ 42%]
tests/test_scheduler_and_engines.py::test_stage_cache_invalidated_by_setting_change PASSED [ 43%]
tests/test_scheduler_and_engines.py::test_legacy_job_without_fingerprints_is_trusted PASSED [ 44%]
tests/test_scheduler_and_engines.py::test_engine_registry_cpu_only PASSED [ 45%]
tests/test_scheduler_and_engines.py::test_engine_registry_vulkan_available_but_not_benchmarked PASSED [ 46%]
tests/test_scheduler_and_engines.py::test_engine_registry_vulkan_missing_runtime PASSED [ 47%]
tests/test_slide_detection.py::test_slide_detection PASSED               [ 48%]
tests/test_study_workflow.py::test_whisper_arg_construction PASSED       [ 49%]
tests/test_study_workflow.py::test_whisper_ignores_unsupported_flags PASSED [ 50%]
tests/test_study_workflow.py::test_corrected_transcript_persistence PASSED [ 50%]
tests/test_study_workflow.py::test_no_physical_deletion PASSED           [ 51%]
tests/test_study_workflow.py::test_job_archiving_restoring PASSED        [ 52%]
tests/test_study_workflow.py::test_export_job_archive PASSED             [ 53%]
tests/test_study_workflow.py::test_retranscribe_only_stages PASSED       [ 54%]
tests/test_study_workflow.py::test_ui_review_flow PASSED                 [ 55%]
tests/test_study_workflow.py::test_bulk_confirmation_dialog PASSED       [ 56%]
tests/test_study_workflow.py::test_re_export_skips_processing_stages PASSED [ 57%]
tests/test_study_workflow.py::test_adaptive_detection_metadata_structure PASSED [ 58%]
tests/test_study_workflow.py::test_preview_dialog_integration PASSED     [ 59%]
tests/test_study_workflow.py::test_legacy_preset_fallback PASSED         [ 60%]
tests/test_transcript_formats.py::test_normalize_orders_and_cleans PASSED [ 61%]
tests/test_transcript_formats.py::test_plain_and_timestamps_toggle PASSED [ 62%]
tests/test_transcript_formats.py::test_json_jsonl_csv_roundtrip PASSED   [ 63%]
tests/test_transcript_formats.py::test_srt_vtt_shape PASSED              [ 64%]
tests/test_transcript_formats.py::test_serialize_registry_all_formats PASSED [ 65%]
tests/test_transcript_formats.py::test_search_segments PASSED            [ 66%]
tests/test_transcript_formats.py::test_build_sections PASSED             [ 66%]
tests/test_transcript_formats.py::test_sections_skip_placeholder_segments PASSED [ 67%]
tests/test_transcript_layers.py::test_raw_parse_tokens_and_confidence PASSED [ 68%]
tests/test_transcript_layers.py::test_raw_parse_handles_reduced_shape_and_srt_timestamps PASSED [ 69%]
tests/test_transcript_layers.py::test_raw_content_hash_stable_and_roundtrips PASSED [ 70%]
tests/test_transcript_layers.py::test_normalization_is_deterministic PASSED [ 71%]
tests/test_transcript_layers.py::test_normalization_preserves_words_and_contractions PASSED [ 72%]
tests/test_transcript_layers.py::test_normalization_collapses_hallucination_loop PASSED [ 73%]
tests/test_transcript_layers.py::test_normalization_merges_exact_consecutive_duplicates PASSED [ 74%]
tests/test_transcript_layers.py::test_normalization_flags_low_confidence PASSED [ 75%]
tests/test_transcript_layers.py::test_repair_rejects_invalid_json PASSED [ 76%]
tests/test_transcript_layers.py::test_repair_rejects_unknown_segment_and_noop PASSED [ 77%]
tests/test_transcript_layers.py::test_repair_similarity_guard_rejects_rewrite PASSED [ 78%]
tests/test_transcript_layers.py::test_repair_invented_name_needs_review_but_approved_is_proposed PASSED [ 79%]
tests/test_transcript_layers.py::test_repair_accepts_plausible_homophone_fix PASSED [ 80%]
tests/test_transcript_layers.py::test_corrections_are_reversible_and_do_not_mutate_layers PASSED [ 81%]
tests/test_transcript_layers.py::test_propose_survives_provider_failure PASSED [ 82%]
tests/test_transcript_layers.py::test_propose_requires_provider PASSED   [ 83%]
tests/test_transcript_layers.py::test_entity_candidates_from_repetition_and_filename PASSED [ 83%]
tests/test_transcript_layers.py::test_whisper_prompt_sanitized_and_limited PASSED [ 84%]
tests/test_transcript_layers.py::test_correction_set_json_roundtrip PASSED [ 85%]
tests/test_ui_v11.py::test_selection_visuals_pure_state PASSED           [ 86%]
tests/test_ui_v11.py::test_selected_tile_pixels_show_accent_outline PASSED [ 87%]
tests/test_ui_v11.py::test_click_and_ctrl_click_and_shift_click PASSED   [ 88%]
tests/test_ui_v11.py::test_select_all_and_keyboard_decisions PASSED      [ 89%]
tests/test_ui_v11.py::test_selection_syncs_preview_and_transcript PASSED [ 90%]
tests/test_ui_v11.py::test_transcript_page_full_and_segment_views PASSED [ 91%]
tests/test_ui_v11.py::test_transcript_copy_formats PASSED                [ 92%]
tests/test_ui_v11.py::test_transcript_search_selects_and_syncs_slide PASSED [ 93%]
tests/test_ui_v11.py::test_segment_edit_split_merge_undo_and_raw_immutable PASSED [ 94%]
tests/test_ui_v11.py::test_old_job_without_working_layer_loads PASSED    [ 95%]
tests/test_ui_v11.py::test_shell_navigation_and_persistence PASSED       [ 96%]
tests/test_video_extensions.py::test_m4v_in_supported_extensions PASSED  [ 97%]
tests/test_video_extensions.py::test_m4v_path_accepted_by_drag_drop_filter PASSED [ 98%]
tests/test_video_extensions.py::test_m4v_case_insensitive PASSED         [ 99%]
tests/test_video_extensions.py::test_qdialog_filter_includes_m4v PASSED  [100%]

======================= 106 passed in 119.50s (0:01:59) =======================
