COMMAND: .venv\Scripts\python.exe -m pytest -v
============================= test session starts =============================
platform win32 -- Python 3.12.3, pytest-9.1.1, pluggy-1.6.0 -- C:\Users\marsh\Documents\LecturePack\.venv\Scripts\python.exe
cachedir: .pytest_cache
PySide6 6.11.1 -- Qt runtime 6.11.1 -- Qt compiled 6.11.1
rootdir: C:\Users\marsh\Documents\LecturePack
configfile: pytest.ini
testpaths: tests
plugins: qt-4.5.0
collecting ... collected 158 items

tests/test_alignment.py::test_alignment_assigns_segment_to_greatest_overlap PASSED [  0%]
tests/test_alignment.py::test_alignment_equal_overlap_tie_goes_to_earlier_slide PASSED [  1%]
tests/test_alignment.py::test_alignment_gives_every_slide_a_segment PASSED [  1%]
tests/test_alignment.py::test_alignment_maps_every_source_segment_exactly_once PASSED [  2%]
tests/test_context_repair.py::test_deterministic_provider_proposes_only_approved_names PASSED [  3%]
tests/test_context_repair.py::test_provider_never_invents_unapproved_name PASSED [  3%]
tests/test_context_repair.py::test_corrections_reversible_and_raw_immutable PASSED [  4%]
tests/test_context_repair.py::test_dialog_flow[False] PASSED             [  5%]
tests/test_context_repair.py::test_dialog_add_remove_context_name PASSED [  5%]
tests/test_detection_eval.py::test_ground_truth_loads PASSED             [  6%]
tests/test_detection_eval.py::test_perfect_detection_scores_1 PASSED     [  6%]
tests/test_detection_eval.py::test_missed_major_is_false_negative PASSED [  7%]
tests/test_detection_eval.py::test_duplicate_capture_counts_as_false_positive PASSED [  8%]
tests/test_detection_eval.py::test_distractor_false_positive_is_attributed PASSED [  8%]
tests/test_detection_eval.py::test_timestamp_error_reported PASSED       [  9%]
tests/test_detection_eval.py::test_candidate_explosion_flagged_by_targets PASSED [ 10%]
tests/test_detection_targets.py::test_balanced_meets_targets PASSED      [ 10%]
tests/test_detection_targets.py::test_detailed_meets_targets PASSED      [ 11%]
tests/test_detection_targets.py::test_no_fade_or_caption_false_positive PASSED [ 12%]
tests/test_exports.py::test_exports PASSED                               [ 12%]
tests/test_groq_transcription.py::test_size_aware_chunk_plan_has_overlap_and_stays_in_order PASSED [ 13%]
tests/test_groq_transcription.py::test_merge_offsets_sorts_and_deduplicates_overlap PASSED [ 13%]
tests/test_groq_transcription.py::test_retry_after_seconds_and_http_date PASSED [ 14%]
tests/test_groq_transcription.py::test_http_client_retries_429_redacts_key_and_uses_audio_only PASSED [ 15%]
tests/test_groq_transcription.py::test_provider_error_redacts_secret PASSED [ 15%]
tests/test_groq_transcription.py::test_backend_requires_privacy_before_secret_or_upload PASSED [ 16%]
tests/test_groq_transcription.py::test_backend_mock_integration_resume_and_no_secret_persistence PASSED [ 17%]
tests/test_groq_transcription.py::test_backend_cancel_is_fast_during_active_provider_work PASSED [ 17%]
tests/test_groq_transcription.py::test_online_selection_requires_per_job_privacy_and_persists_no_key PASSED [ 18%]
tests/test_groq_transcription.py::test_controller_online_failure_falls_back_without_stopping_slide_branch PASSED [ 18%]
tests/test_groq_transcription.py::test_groq_encoder_owned_tree_cleanup_does_not_kill_unrelated_process PASSED [ 19%]
tests/test_groq_transcription.py::test_application_close_with_active_mock_provider_is_nonblocking PASSED [ 20%]
tests/test_integration.py::test_integration PASSED                       [ 20%]
tests/test_job_persistence.py::test_job_persistence PASSED               [ 21%]
tests/test_ollama_and_repair.py::test_healthy_schema_constrained_chat PASSED [ 22%]
tests/test_ollama_and_repair.py::test_connection_refused_is_unavailable PASSED [ 22%]
tests/test_ollama_and_repair.py::test_request_timeout PASSED             [ 23%]
tests/test_ollama_and_repair.py::test_malformed_json_stream PASSED       [ 24%]
tests/test_ollama_and_repair.py::test_model_unload_mid_generation PASSED [ 24%]
tests/test_ollama_and_repair.py::test_http_error_is_bad_response PASSED  [ 25%]
tests/test_ollama_and_repair.py::test_user_cancellation_mid_stream PASSED [ 25%]
tests/test_ollama_and_repair.py::test_repeated_request_cache_hit PASSED  [ 26%]
tests/test_ollama_and_repair.py::test_engine_with_ollama_provider_validates_and_proposes PASSED [ 27%]
tests/test_ollama_and_repair.py::test_engine_survives_provider_failure_per_chunk PASSED [ 27%]
tests/test_ollama_and_repair.py::test_large_transcript_chunking PASSED   [ 28%]
tests/test_ollama_and_repair.py::test_cancellation_between_chunks PASSED [ 29%]
tests/test_ollama_and_repair.py::test_worker_reports_unavailable_not_crash PASSED [ 29%]
tests/test_ollama_and_repair.py::test_worker_completes_and_persists_cache PASSED [ 30%]
tests/test_ollama_and_repair.py::test_worker_detach_mid_request_is_safe PASSED [ 31%]
tests/test_ollama_and_repair.py::test_deterministic_fallback_without_ollama PASSED [ 31%]
tests/test_packaging_and_safety.py::test_release_version_has_single_authority PASSED [ 32%]
tests/test_packaging_and_safety.py::test_new_job_manifest_uses_release_version PASSED [ 32%]
tests/test_packaging_and_safety.py::test_spec_includes_current_hiddenimports_and_keeps_asserts PASSED [ 33%]
tests/test_packaging_and_safety.py::test_bundled_binary_resolution_next_to_exe PASSED [ 34%]
tests/test_packaging_and_safety.py::test_autodetect_whisper_finds_sibling_model PASSED [ 34%]
tests/test_packaging_and_safety.py::test_export_and_reexport_never_delete_job_or_candidates PASSED [ 35%]
tests/test_packaging_and_safety.py::test_context_names_feed_whisper_prompt PASSED [ 36%]
tests/test_product_modes.py::test_transcript_only_mode PASSED            [ 36%]
tests/test_product_modes.py::test_slides_only_mode PASSED                [ 37%]
tests/test_product_modes.py::test_normalized_matches_service PASSED      [ 37%]
tests/test_scheduler_and_engines.py::test_transcribe_and_detect_run_concurrently PASSED [ 38%]
tests/test_scheduler_and_engines.py::test_parallel_disabled_runs_sequentially PASSED [ 39%]
tests/test_scheduler_and_engines.py::test_cancellation_stops_both_branches PASSED [ 39%]
tests/test_scheduler_and_engines.py::test_stage_cache_reused_when_settings_unchanged PASSED [ 40%]
tests/test_scheduler_and_engines.py::test_stage_cache_invalidated_by_setting_change PASSED [ 41%]
tests/test_scheduler_and_engines.py::test_legacy_job_without_fingerprints_is_trusted PASSED [ 41%]
tests/test_scheduler_and_engines.py::test_engine_registry_cpu_only PASSED [ 42%]
tests/test_scheduler_and_engines.py::test_engine_registry_vulkan_available_but_not_benchmarked PASSED [ 43%]
tests/test_scheduler_and_engines.py::test_engine_registry_vulkan_missing_runtime PASSED [ 43%]
tests/test_slide_detection.py::test_slide_detection PASSED               [ 44%]
tests/test_stability_phase.py::test_config_bom_and_legacy_settings_migrate_and_survive_restart PASSED [ 44%]
tests/test_stability_phase.py::test_backend_actual_value_persists_and_reloads PASSED [ 45%]
tests/test_stability_phase.py::test_main_window_displays_persisted_actual_backend PASSED [ 46%]
tests/test_stability_phase.py::test_context_repair_detach_is_nonblocking PASSED [ 46%]
tests/test_stability_phase.py::test_context_repair_dialog_close_is_nonblocking PASSED [ 47%]
tests/test_stability_phase.py::test_main_window_close_cancels_pipeline_and_repair_nonblocking PASSED [ 48%]
tests/test_stability_phase.py::test_main_window_close_terminates_active_whisper_tree PASSED [ 48%]
tests/test_stability_phase.py::test_owned_process_tree_terminated_but_unrelated_process_survives PASSED [ 49%]
tests/test_stability_phase.py::test_real_wrappers_terminate_their_owned_trees[ffmpeg] PASSED [ 50%]
tests/test_stability_phase.py::test_real_wrappers_terminate_their_owned_trees[whisper] PASSED [ 50%]
tests/test_stability_phase.py::test_reexport_preserves_audio_transcript_and_candidate_signatures PASSED [ 51%]
tests/test_study_workflow.py::test_whisper_arg_construction PASSED       [ 51%]
tests/test_study_workflow.py::test_whisper_ignores_unsupported_flags PASSED [ 52%]
tests/test_study_workflow.py::test_corrected_transcript_persistence PASSED [ 53%]
tests/test_study_workflow.py::test_no_physical_deletion PASSED           [ 53%]
tests/test_study_workflow.py::test_job_archiving_restoring PASSED        [ 54%]
tests/test_study_workflow.py::test_export_job_archive PASSED             [ 55%]
tests/test_study_workflow.py::test_retranscribe_only_stages PASSED       [ 55%]
tests/test_study_workflow.py::test_ui_review_flow PASSED                 [ 56%]
tests/test_study_workflow.py::test_bulk_confirmation_dialog PASSED       [ 56%]
tests/test_study_workflow.py::test_re_export_skips_processing_stages PASSED [ 57%]
tests/test_study_workflow.py::test_adaptive_detection_metadata_structure PASSED [ 58%]
tests/test_study_workflow.py::test_preview_dialog_integration PASSED     [ 58%]
tests/test_study_workflow.py::test_legacy_preset_fallback PASSED         [ 59%]
tests/test_study_workspace_v12.py::test_deterministic_overview_uses_loaded_backend_and_old_job_empty_state PASSED [ 60%]
tests/test_study_workspace_v12.py::test_slide_bookmark_note_and_resume_survive_restart PASSED [ 60%]
tests/test_study_workspace_v12.py::test_section_bookmark_and_jump_are_persistent PASSED [ 61%]
tests/test_study_workspace_v12.py::test_completed_job_lands_on_study_and_quick_navigation_works PASSED [ 62%]
tests/test_study_workspace_v12.py::test_study_page_empty_state PASSED    [ 62%]
tests/test_study_workspace_v12.py::test_study_exports_include_user_data_without_mutating_sources PASSED [ 63%]
tests/test_study_workspace_v12.py::test_study_copy_full_transcript_works PASSED [ 63%]
tests/test_study_workspace_v12.py::test_timestamp_links_navigate_correctly PASSED [ 64%]
tests/test_study_workspace_v12.py::test_keyboard_navigation_on_study_page PASSED [ 65%]
tests/test_transcript_formats.py::test_normalize_orders_and_cleans PASSED [ 65%]
tests/test_transcript_formats.py::test_plain_and_timestamps_toggle PASSED [ 66%]
tests/test_transcript_formats.py::test_json_jsonl_csv_roundtrip PASSED   [ 67%]
tests/test_transcript_formats.py::test_srt_vtt_shape PASSED              [ 67%]
tests/test_transcript_formats.py::test_serialize_registry_all_formats PASSED [ 68%]
tests/test_transcript_formats.py::test_search_segments PASSED            [ 68%]
tests/test_transcript_formats.py::test_build_sections PASSED             [ 69%]
tests/test_transcript_formats.py::test_sections_skip_placeholder_segments PASSED [ 70%]
tests/test_transcript_layers.py::test_raw_parse_tokens_and_confidence PASSED [ 70%]
tests/test_transcript_layers.py::test_raw_parse_handles_reduced_shape_and_srt_timestamps PASSED [ 71%]
tests/test_transcript_layers.py::test_raw_content_hash_stable_and_roundtrips PASSED [ 72%]
tests/test_transcript_layers.py::test_normalization_is_deterministic PASSED [ 72%]
tests/test_transcript_layers.py::test_normalization_preserves_words_and_contractions PASSED [ 73%]
tests/test_transcript_layers.py::test_normalization_collapses_hallucination_loop PASSED [ 74%]
tests/test_transcript_layers.py::test_normalization_merges_exact_consecutive_duplicates PASSED [ 74%]
tests/test_transcript_layers.py::test_normalization_flags_low_confidence PASSED [ 75%]
tests/test_transcript_layers.py::test_repair_rejects_invalid_json PASSED [ 75%]
tests/test_transcript_layers.py::test_repair_rejects_unknown_segment_and_noop PASSED [ 76%]
tests/test_transcript_layers.py::test_repair_similarity_guard_rejects_rewrite PASSED [ 77%]
tests/test_transcript_layers.py::test_repair_invented_name_needs_review_but_approved_is_proposed PASSED [ 77%]
tests/test_transcript_layers.py::test_repair_accepts_plausible_homophone_fix PASSED [ 78%]
tests/test_transcript_layers.py::test_corrections_are_reversible_and_do_not_mutate_layers PASSED [ 79%]
tests/test_transcript_layers.py::test_propose_survives_provider_failure PASSED [ 79%]
tests/test_transcript_layers.py::test_propose_requires_provider PASSED   [ 80%]
tests/test_transcript_layers.py::test_entity_candidates_from_repetition_and_filename PASSED [ 81%]
tests/test_transcript_layers.py::test_whisper_prompt_sanitized_and_limited PASSED [ 81%]
tests/test_transcript_layers.py::test_correction_set_json_roundtrip PASSED [ 82%]
tests/test_transcription_backend_contract.py::test_capability_contract_is_explicit_and_json_safe PASSED [ 82%]
tests/test_transcription_backend_contract.py::test_registry_contains_local_and_explicitly_approved_online_backends PASSED [ 83%]
tests/test_transcription_backend_contract.py::test_local_adapter_preserves_arguments_progress_backend_result_and_cancel PASSED [ 84%]
tests/test_transcription_backend_contract.py::test_local_adapter_failure_is_structured_and_does_not_expose_request_paths PASSED [ 84%]
tests/test_transcription_backend_contract.py::test_controller_local_cache_fingerprint_is_unchanged_by_explicit_backend PASSED [ 85%]
tests/test_transcription_backend_contract.py::test_controller_accepts_injected_backend_without_provider_logic PASSED [ 86%]
tests/test_transcription_backend_contract.py::test_cpu_backend_is_recorded_only_from_runtime_output PASSED [ 86%]
tests/test_transcription_backend_contract.py::test_local_pipeline_keeps_canonical_raw_output_and_provider_provenance PASSED [ 87%]
tests/test_transcription_backend_contract.py::test_old_job_defaults_to_local_and_controller_records_provider_metadata PASSED [ 87%]
tests/test_ui_v11.py::test_selection_visuals_pure_state PASSED           [ 88%]
tests/test_ui_v11.py::test_selected_tile_pixels_show_accent_outline PASSED [ 89%]
tests/test_ui_v11.py::test_click_and_ctrl_click_and_shift_click PASSED   [ 89%]
tests/test_ui_v11.py::test_current_slide_drives_preview_and_scroll[grid] PASSED [ 90%]
tests/test_ui_v11.py::test_current_slide_drives_preview_and_scroll[list] PASSED [ 91%]
tests/test_ui_v11.py::test_arrow_navigation_updates_current_preview PASSED [ 91%]
tests/test_ui_v11.py::test_select_all_and_keyboard_decisions PASSED      [ 92%]
tests/test_ui_v11.py::test_selection_syncs_preview_and_transcript PASSED [ 93%]
tests/test_ui_v11.py::test_transcript_page_full_and_segment_views PASSED [ 93%]
tests/test_ui_v11.py::test_transcript_numeric_columns_sort_chronologically PASSED [ 94%]
tests/test_ui_v11.py::test_transcript_copy_formats PASSED                [ 94%]
tests/test_ui_v11.py::test_transcript_search_selects_and_syncs_slide PASSED [ 95%]
tests/test_ui_v11.py::test_segment_edit_split_merge_undo_and_raw_immutable PASSED [ 96%]
tests/test_ui_v11.py::test_old_job_without_working_layer_loads PASSED    [ 96%]
tests/test_ui_v11.py::test_shell_navigation_and_persistence PASSED       [ 97%]
tests/test_video_extensions.py::test_m4v_in_supported_extensions PASSED  [ 98%]
tests/test_video_extensions.py::test_m4v_path_accepted_by_drag_drop_filter PASSED [ 98%]
tests/test_video_extensions.py::test_m4v_case_insensitive PASSED         [ 99%]
tests/test_video_extensions.py::test_qdialog_filter_includes_m4v PASSED  [100%]

======================= 158 passed in 113.56s (0:01:53) =======================
EXIT_CODE: 0
